[debug] [2021-05-30T03:06:41.228Z] ----------------------------------------------------------------------
[debug] [2021-05-30T03:06:41.230Z] Command:       C:\Program Files (x86)\nodejs\node.exe C:\Users\phmal\AppData\Roaming\npm\node_modules\firebase-tools\lib\bin\firebase.js emulators:start
[debug] [2021-05-30T03:06:41.230Z] CLI Version:   9.12.0
[debug] [2021-05-30T03:06:41.230Z] Platform:      win32
[debug] [2021-05-30T03:06:41.230Z] Node Version:  v14.17.0
[debug] [2021-05-30T03:06:41.232Z] Time:          Sun May 30 2021 00:06:41 GMT-0300 (Horário Padrão de Brasília)
[debug] [2021-05-30T03:06:41.232Z] ----------------------------------------------------------------------
[debug] 
[debug] [2021-05-30T03:06:41.242Z] > command requires scopes: ["email","openid","https://www.googleapis.com/auth/cloudplatformprojects.readonly","https://www.googleapis.com/auth/firebase","https://www.googleapis.com/auth/cloud-platform"]
[debug] [2021-05-30T03:06:41.242Z] > authorizing via signed-in user (appsiteat@gmail.com)
[info] i  emulators: Starting emulators: auth, functions, firestore {"metadata":{"emulator":{"name":"hub"},"message":"Starting emulators: auth, functions, firestore"}}
[debug] [2021-05-30T03:06:41.272Z] [hub] writing locator at C:\Users\phmal\AppData\Local\Temp\hub-sit-eat-84d56.json
[warn] !  functions: The following emulators are not running, calls to these services from the Functions emulator will affect production: database, hosting, pubsub, storage {"metadata":{"emulator":{"name":"functions"},"message":"The following emulators are not running, calls to these services from the Functions emulator will affect production: \u001b[1mdatabase, hosting, pubsub, storage\u001b[22m"}}
[info] +  functions: Using node@14 from host. {"metadata":{"emulator":{"name":"functions"},"message":"Using node@14 from host."}}
[debug] [2021-05-30T03:06:41.314Z] defaultcredentials: writing to file C:\Users\phmal\AppData\Roaming\firebase\appsiteat_gmail_com_application_default_credentials.json
[debug] [2021-05-30T03:06:41.318Z] Setting GAC to C:\Users\phmal\AppData\Roaming\firebase\appsiteat_gmail_com_application_default_credentials.json {"metadata":{"emulator":{"name":"functions"},"message":"Setting GAC to C:\\Users\\phmal\\AppData\\Roaming\\firebase\\appsiteat_gmail_com_application_default_credentials.json"}}
[debug] [2021-05-30T03:06:41.323Z] >>> [apiv2][query] GET https://firebase.googleapis.com/v1beta1/projects/sit-eat-84d56/adminSdkConfig [none]
[debug] [2021-05-30T03:06:42.357Z] <<< [apiv2][status] GET https://firebase.googleapis.com/v1beta1/projects/sit-eat-84d56/adminSdkConfig 200
[debug] [2021-05-30T03:06:42.357Z] <<< [apiv2][body] GET https://firebase.googleapis.com/v1beta1/projects/sit-eat-84d56/adminSdkConfig {"projectId":"sit-eat-84d56","databaseURL":"https://sit-eat-84d56-default-rtdb.firebaseio.com","storageBucket":"sit-eat-84d56.appspot.com","locationId":"southamerica-east1"}
[warn] !  firestore: Did not find a Cloud Firestore rules file specified in a firebase.json config file. {"metadata":{"emulator":{"name":"firestore"},"message":"Did not find a Cloud Firestore rules file specified in a firebase.json config file."}}
[warn] !  firestore: The emulator will default to allowing all reads and writes. Learn more about this option: https://firebase.google.com/docs/emulator-suite/install_and_configure#security_rules_configuration. {"metadata":{"emulator":{"name":"firestore"},"message":"The emulator will default to allowing all reads and writes. Learn more about this option: https://firebase.google.com/docs/emulator-suite/install_and_configure#security_rules_configuration."}}
[debug] [2021-05-30T03:06:42.380Z] Ignoring unsupported arg: projectId {"metadata":{"emulator":{"name":"firestore"},"message":"Ignoring unsupported arg: projectId"}}
[debug] [2021-05-30T03:06:42.380Z] Ignoring unsupported arg: auto_download {"metadata":{"emulator":{"name":"firestore"},"message":"Ignoring unsupported arg: auto_download"}}
[debug] [2021-05-30T03:06:42.380Z] Starting Firestore Emulator with command {"binary":"java","args":["-Dgoogle.cloud_firestore.debug_log_level=FINE","-Duser.language=en","-jar","C:\\Users\\phmal\\.cache\\firebase\\emulators\\cloud-firestore-emulator-v1.12.0.jar","--host","localhost","--port",8090,"--functions_emulator","localhost:5001"],"optionalArgs":["port","webchannel_port","host","rules","functions_emulator","seed_from_export"],"joinArgs":false} {"metadata":{"emulator":{"name":"firestore"},"message":"Starting Firestore Emulator with command {\"binary\":\"java\",\"args\":[\"-Dgoogle.cloud_firestore.debug_log_level=FINE\",\"-Duser.language=en\",\"-jar\",\"C:\\\\Users\\\\phmal\\\\.cache\\\\firebase\\\\emulators\\\\cloud-firestore-emulator-v1.12.0.jar\",\"--host\",\"localhost\",\"--port\",8090,\"--functions_emulator\",\"localhost:5001\"],\"optionalArgs\":[\"port\",\"webchannel_port\",\"host\",\"rules\",\"functions_emulator\",\"seed_from_export\"],\"joinArgs\":false}"}}
[info] i  firestore: Firestore Emulator logging to firestore-debug.log {"metadata":{"emulator":{"name":"firestore"},"message":"Firestore Emulator logging to \u001b[1mfirestore-debug.log\u001b[22m"}}
[debug] [2021-05-30T03:06:44.431Z] May 30, 2021 12:06:44 AM com.google.cloud.datastore.emulator.firestore.websocket.WebSocketServer start
INFO: Started WebSocket server on ws://localhost:51218
 {"metadata":{"emulator":{"name":"firestore"},"message":"May 30, 2021 12:06:44 AM com.google.cloud.datastore.emulator.firestore.websocket.WebSocketServer start\r\nINFO: Started WebSocket server on ws://localhost:51218\r\n"}}
[debug] [2021-05-30T03:06:44.463Z] API endpoint: http://localhost:8090
If you are using a library that supports the FIRESTORE_EMULATOR_HOST environment variable, run:

   export FIRESTORE_EMULATOR_HOST=localhost:8090

Dev App Server is now running.

 {"metadata":{"emulator":{"name":"firestore"},"message":"API endpoint: http://localhost:8090\nIf you are using a library that supports the FIRESTORE_EMULATOR_HOST environment variable, run:\r\n\n   export FIRESTORE_EMULATOR_HOST=localhost:8090\n\nDev App Server is now running.\n\r\n"}}
[warn] !  ui: Emulator UI unable to start on port 4000, starting on 4001 instead. {"metadata":{"emulator":{"name":"ui"},"message":"Emulator UI unable to start on port 4000, starting on 4001 instead."}}
[debug] [2021-05-30T03:06:47.553Z] Ignoring unsupported arg: auto_download {"metadata":{"emulator":{"name":"ui"},"message":"Ignoring unsupported arg: auto_download"}}
[debug] [2021-05-30T03:06:47.553Z] Ignoring unsupported arg: port {"metadata":{"emulator":{"name":"ui"},"message":"Ignoring unsupported arg: port"}}
[debug] [2021-05-30T03:06:47.554Z] Starting Emulator UI with command {"binary":"node","args":["C:\\Users\\phmal\\.cache\\firebase\\emulators\\ui-v1.5.0\\server.bundle.js"],"optionalArgs":[],"joinArgs":false} {"metadata":{"emulator":{"name":"ui"},"message":"Starting Emulator UI with command {\"binary\":\"node\",\"args\":[\"C:\\\\Users\\\\phmal\\\\.cache\\\\firebase\\\\emulators\\\\ui-v1.5.0\\\\server.bundle.js\"],\"optionalArgs\":[],\"joinArgs\":false}"}}
[info] i  ui: Emulator UI logging to ui-debug.log {"metadata":{"emulator":{"name":"ui"},"message":"Emulator UI logging to \u001b[1mui-debug.log\u001b[22m"}}
[debug] [2021-05-30T03:06:47.735Z] Web / API server started at http://localhost:4001
 {"metadata":{"emulator":{"name":"ui"},"message":"Web / API server started at http://localhost:4001\n"}}
[info] i  functions: Watching "D:\repos\sit_eat\functions" for Cloud Functions... {"metadata":{"emulator":{"name":"functions"},"message":"Watching \"D:\\repos\\sit_eat\\functions\" for Cloud Functions..."}}
[debug] [2021-05-30T03:06:47.889Z] [worker-pool] addWorker(~diagnostic~) {"metadata":{"emulator":{"name":"functions"},"message":"[worker-pool] addWorker(~diagnostic~)"}}
[debug] [2021-05-30T03:06:47.890Z] [worker-pool] Adding worker with key ~diagnostic~, total=1 {"metadata":{"emulator":{"name":"functions"},"message":"[worker-pool] Adding worker with key ~diagnostic~, total=1"}}
[debug] [2021-05-30T03:06:47.890Z] [worker-pool] submitWork(triggerId=) {"metadata":{"emulator":{"name":"functions"},"message":"[worker-pool] submitWork(triggerId=)"}}
[debug] [2021-05-30T03:06:47.890Z] [worker-~diagnostic~-1e6df2e4-7111-431e-9edd-07d98345649f]: Assigning socketPath: \\?\pipe\D:\repos\sit_eat\functions\3664 {"metadata":{"emulator":{"name":"functions"},"message":"[worker-~diagnostic~-1e6df2e4-7111-431e-9edd-07d98345649f]: Assigning socketPath: \\\\?\\pipe\\D:\\repos\\sit_eat\\functions\\3664"}}
[debug] [2021-05-30T03:06:47.891Z] [worker-~diagnostic~-1e6df2e4-7111-431e-9edd-07d98345649f]: BUSY {"metadata":{"emulator":{"name":"functions"},"message":"[worker-~diagnostic~-1e6df2e4-7111-431e-9edd-07d98345649f]: BUSY"}}
[debug] [2021-05-30T03:06:48.123Z] [runtime-status] [3664] Functions runtime initialized. {"cwd":"D:\\repos\\sit_eat\\functions","node_version":"14.17.0"} {"metadata":{"emulator":{"name":"functions"},"message":"[runtime-status] [3664] Functions runtime initialized. {\"cwd\":\"D:\\\\repos\\\\sit_eat\\\\functions\",\"node_version\":\"14.17.0\"}"}}
[debug] [2021-05-30T03:06:48.124Z] [runtime-status] [3664] Disabled runtime features: undefined {"metadata":{"emulator":{"name":"functions"},"message":"[runtime-status] [3664] Disabled runtime features: undefined"}}
[debug] [2021-05-30T03:06:48.127Z] [runtime-status] [3664] Resolved module firebase-admin {"declared":true,"installed":true,"version":"9.9.0","resolution":"D:\\repos\\sit_eat\\functions\\node_modules\\firebase-admin\\lib\\index.js"} {"metadata":{"emulator":{"name":"functions"},"message":"[runtime-status] [3664] Resolved module firebase-admin {\"declared\":true,\"installed\":true,\"version\":\"9.9.0\",\"resolution\":\"D:\\\\repos\\\\sit_eat\\\\functions\\\\node_modules\\\\firebase-admin\\\\lib\\\\index.js\"}"}}
[debug] [2021-05-30T03:06:48.129Z] [runtime-status] [3664] Resolved module firebase-functions {"declared":true,"installed":true,"version":"3.14.1","resolution":"D:\\repos\\sit_eat\\functions\\node_modules\\firebase-functions\\lib\\index.js"} {"metadata":{"emulator":{"name":"functions"},"message":"[runtime-status] [3664] Resolved module firebase-functions {\"declared\":true,\"installed\":true,\"version\":\"3.14.1\",\"resolution\":\"D:\\\\repos\\\\sit_eat\\\\functions\\\\node_modules\\\\firebase-functions\\\\lib\\\\index.js\"}"}}
[debug] [2021-05-30T03:06:48.131Z] [runtime-status] [3664] Resolved module firebase-functions {"declared":true,"installed":true,"version":"3.14.1","resolution":"D:\\repos\\sit_eat\\functions\\node_modules\\firebase-functions\\lib\\index.js"} {"metadata":{"emulator":{"name":"functions"},"message":"[runtime-status] [3664] Resolved module firebase-functions {\"declared\":true,\"installed\":true,\"version\":\"3.14.1\",\"resolution\":\"D:\\\\repos\\\\sit_eat\\\\functions\\\\node_modules\\\\firebase-functions\\\\lib\\\\index.js\"}"}}
[debug] [2021-05-30T03:06:48.133Z] [runtime-status] [3664] Outgoing network have been stubbed. [{"name":"http","status":"mocked"},{"name":"http","status":"mocked"},{"name":"https","status":"mocked"},{"name":"https","status":"mocked"},{"name":"net","status":"mocked"}] {"metadata":{"emulator":{"name":"functions"},"message":"[runtime-status] [3664] Outgoing network have been stubbed. [{\"name\":\"http\",\"status\":\"mocked\"},{\"name\":\"http\",\"status\":\"mocked\"},{\"name\":\"https\",\"status\":\"mocked\"},{\"name\":\"https\",\"status\":\"mocked\"},{\"name\":\"net\",\"status\":\"mocked\"}]"}}
[debug] [2021-05-30T03:06:48.134Z] [runtime-status] [3664] Resolved module firebase-functions {"declared":true,"installed":true,"version":"3.14.1","resolution":"D:\\repos\\sit_eat\\functions\\node_modules\\firebase-functions\\lib\\index.js"} {"metadata":{"emulator":{"name":"functions"},"message":"[runtime-status] [3664] Resolved module firebase-functions {\"declared\":true,\"installed\":true,\"version\":\"3.14.1\",\"resolution\":\"D:\\\\repos\\\\sit_eat\\\\functions\\\\node_modules\\\\firebase-functions\\\\lib\\\\index.js\"}"}}
[debug] [2021-05-30T03:06:48.181Z] [runtime-status] [3664] Checked functions.config() {"config":{}} {"metadata":{"emulator":{"name":"functions"},"message":"[runtime-status] [3664] Checked functions.config() {\"config\":{}}"}}
[debug] [2021-05-30T03:06:48.181Z] [runtime-status] [3664] firebase-functions has been stubbed. {"functionsResolution":{"declared":true,"installed":true,"version":"3.14.1","resolution":"D:\\repos\\sit_eat\\functions\\node_modules\\firebase-functions\\lib\\index.js"}} {"metadata":{"emulator":{"name":"functions"},"message":"[runtime-status] [3664] firebase-functions has been stubbed. {\"functionsResolution\":{\"declared\":true,\"installed\":true,\"version\":\"3.14.1\",\"resolution\":\"D:\\\\repos\\\\sit_eat\\\\functions\\\\node_modules\\\\firebase-functions\\\\lib\\\\index.js\"}}"}}
[debug] [2021-05-30T03:06:48.181Z] [runtime-status] [3664] Resolved module firebase-functions {"declared":true,"installed":true,"version":"3.14.1","resolution":"D:\\repos\\sit_eat\\functions\\node_modules\\firebase-functions\\lib\\index.js"} {"metadata":{"emulator":{"name":"functions"},"message":"[runtime-status] [3664] Resolved module firebase-functions {\"declared\":true,\"installed\":true,\"version\":\"3.14.1\",\"resolution\":\"D:\\\\repos\\\\sit_eat\\\\functions\\\\node_modules\\\\firebase-functions\\\\lib\\\\index.js\"}"}}
[debug] [2021-05-30T03:06:48.183Z] [runtime-status] [3664] Resolved module firebase-admin {"declared":true,"installed":true,"version":"9.9.0","resolution":"D:\\repos\\sit_eat\\functions\\node_modules\\firebase-admin\\lib\\index.js"} {"metadata":{"emulator":{"name":"functions"},"message":"[runtime-status] [3664] Resolved module firebase-admin {\"declared\":true,\"installed\":true,\"version\":\"9.9.0\",\"resolution\":\"D:\\\\repos\\\\sit_eat\\\\functions\\\\node_modules\\\\firebase-admin\\\\lib\\\\index.js\"}"}}
[debug] [2021-05-30T03:06:48.185Z] [runtime-status] [3664] Resolved module firebase-functions {"declared":true,"installed":true,"version":"3.14.1","resolution":"D:\\repos\\sit_eat\\functions\\node_modules\\firebase-functions\\lib\\index.js"} {"metadata":{"emulator":{"name":"functions"},"message":"[runtime-status] [3664] Resolved module firebase-functions {\"declared\":true,\"installed\":true,\"version\":\"3.14.1\",\"resolution\":\"D:\\\\repos\\\\sit_eat\\\\functions\\\\node_modules\\\\firebase-functions\\\\lib\\\\index.js\"}"}}
[debug] [2021-05-30T03:06:48.186Z] [runtime-status] [3664] firebase-admin has been stubbed. {"adminResolution":{"declared":true,"installed":true,"version":"9.9.0","resolution":"D:\\repos\\sit_eat\\functions\\node_modules\\firebase-admin\\lib\\index.js"}} {"metadata":{"emulator":{"name":"functions"},"message":"[runtime-status] [3664] firebase-admin has been stubbed. {\"adminResolution\":{\"declared\":true,\"installed\":true,\"version\":\"9.9.0\",\"resolution\":\"D:\\\\repos\\\\sit_eat\\\\functions\\\\node_modules\\\\firebase-admin\\\\lib\\\\index.js\"}}"}}
[info] +  functions[us-central1-helloWorld]: http function initialized (http://localhost:5001/sit-eat-84d56/us-central1/helloWorld). {"metadata":{"emulator":{"name":"functions"},"message":"\u001b[1mhttp\u001b[22m function initialized (http://localhost:5001/sit-eat-84d56/us-central1/helloWorld)."}}
[info] 
┌─────────────────────────────────────────────────────────────┐
│ ✔  All emulators ready! It is now safe to connect your app. │
│ i  View Emulator UI at http://localhost:4001                │
└─────────────────────────────────────────────────────────────┘

┌────────────────┬────────────────┬─────────────────────────────────┐
│ Emulator       │ Host:Port      │ View in Emulator UI             │
├────────────────┼────────────────┼─────────────────────────────────┤
│ Authentication │ localhost:9099 │ http://localhost:4001/auth      │
├────────────────┼────────────────┼─────────────────────────────────┤
│ Functions      │ localhost:5001 │ http://localhost:4001/functions │
├────────────────┼────────────────┼─────────────────────────────────┤
│ Firestore      │ localhost:8090 │ http://localhost:4001/firestore │
└────────────────┴────────────────┴─────────────────────────────────┘
  Emulator Hub running at localhost:4400
  Other reserved ports: 4500

Issues? Report them at https://github.com/firebase/firebase-tools/issues and attach the *-debug.log files.
 
[debug] [2021-05-30T03:06:48.204Z] [worker-~diagnostic~-1e6df2e4-7111-431e-9edd-07d98345649f]: IDLE {"metadata":{"emulator":{"name":"functions"},"message":"[worker-~diagnostic~-1e6df2e4-7111-431e-9edd-07d98345649f]: IDLE"}}
[debug] [2021-05-30T03:07:40.574Z] May 30, 2021 12:07:40 AM io.gapi.emulators.netty.HttpVersionRoutingHandler channelRead
INFO: Detected non-HTTP/2 connection.
 {"metadata":{"emulator":{"name":"firestore"},"message":"May 30, 2021 12:07:40 AM io.gapi.emulators.netty.HttpVersionRoutingHandler channelRead\r\nINFO: Detected non-HTTP/2 connection.\r\n"}}
[debug] [2021-05-30T03:07:40.835Z] May 30, 2021 12:07:40 AM io.gapi.emulators.netty.HttpVersionRoutingHandler channelRead
INFO: Detected HTTP/2 connection.
 {"metadata":{"emulator":{"name":"firestore"},"message":"May 30, 2021 12:07:40 AM io.gapi.emulators.netty.HttpVersionRoutingHandler channelRead\r\nINFO: Detected HTTP/2 connection.\r\n"}}
